TimeCreated      : 2/27/2026 11:41:46 PM
Id               : 5158
LevelDisplayName : Information
ProviderName     : Microsoft-Windows-Security-Auditing
Message          : The Windows Filtering Platform has permitted a bind to a local port.
                   
                   Application Information:
                   	Process ID:		3880
                   	Application Name:	\device\harddiskvolume4\windowsazure\guestagent_2.7.41491.1183_2026-02-06_050117\
                   windowsazureguestagent.exe
                   
                   Network Information:
                   	Source Address:		0.0.0.0
                   	Source Port:		56435
                   	Protocol:		6
                   
                   Filter Information:
                   	Filter Run-Time ID:	0
                   	Layer Name:		Resource Assignment
                   	Layer Run-Time ID:	36

TimeCreated      : 2/27/2026 11:41:46 PM
Id               : 5156
LevelDisplayName : Information
ProviderName     : Microsoft-Windows-Security-Auditing
Message          : The Windows Filtering Platform has permitted a connection.
                   
                   Application Information:
                   	Process ID:		3880
                   	Application Name:	\device\harddiskvolume4\windowsazure\guestagent_2.7.41491.1183_2026-02-06_050117\
                   windowsazureguestagent.exe
                   
                   Network Information:
                   	Direction:		Outbound
                   	Source Address:		10.10.0.4
                   	Source Port:		56434
                   	Destination Address:	168.63.129.16
                   	Destination Port:		80
                   	Protocol:		6
                   	Interface Index:		15
                   
                   Filter Information:
                   	Filter Origin:		Unknown
                   	Filter Run-Time ID:	72222
                   	Layer Name:		Connect
                   	Layer Run-Time ID:	48
                   	Remote User ID:		S-1-0-0
                   	Remote Machine ID:	S-1-0-0

TimeCreated      : 2/27/2026 11:41:46 PM
Id               : 5158
LevelDisplayName : Information
ProviderName     : Microsoft-Windows-Security-Auditing
Message          : The Windows Filtering Platform has permitted a bind to a local port.
                   
                   Application Information:
                   	Process ID:		3880
                   	Application Name:	\device\harddiskvolume4\windowsazure\guestagent_2.7.41491.1183_2026-02-06_050117\
                   windowsazureguestagent.exe
                   
                   Network Information:
                   	Source Address:		0.0.0.0
                   	Source Port:		56434
                   	Protocol:		6
                   
                   Filter Information:
                   	Filter Run-Time ID:	0
                   	Layer Name:		Resource Assignment
                   	Layer Run-Time ID:	36

TimeCreated      : 2/27/2026 11:41:44 PM
Id               : 4674
LevelDisplayName : Information
ProviderName     : Microsoft-Windows-Security-Auditing
Message          : An operation was attempted on a privileged object.
                   
                   Subject:
                   	Security ID:		S-1-5-21-2575695074-2613746757-3083589692-500
                   	Account Name:		admin_patrick
                   	Account Domain:		cui-win-pilot-0
                   	Logon ID:		0x435D85F
                   
                   Object:
                   	Object Server:	Security
                   	Object Type:	Semaphore
                   	Object Name:	\BaseNamedObjects\SM0:2388:304:WilStaging_02_p0h
                   	Object Handle:	0x69c
                   
                   Process Information:
                   	Process ID:	0x954
                   	Process Name:	C:\Windows\System32\gpresult.exe
                   
                   Requested Operation:
                   	Desired Access:	DELETE
                   				READ_CONTROL
                   				WRITE_DAC
                   				WRITE_OWNER
                   				SYNCHRONIZE
                   				Query semaphore state
                   				Modify semaphore state
                   				
                   	Privileges:		SeTakeOwnershipPrivilege

TimeCreated      : 2/27/2026 11:41:44 PM
Id               : 4674
LevelDisplayName : Information
ProviderName     : Microsoft-Windows-Security-Auditing
Message          : An operation was attempted on a privileged object.
                   
                   Subject:
                   	Security ID:		S-1-5-21-2575695074-2613746757-3083589692-500
                   	Account Name:		admin_patrick
                   	Account Domain:		cui-win-pilot-0
                   	Logon ID:		0x435D85F
                   
                   Object:
                   	Object Server:	Security
                   	Object Type:	Semaphore
                   	Object Name:	\BaseNamedObjects\SM0:2388:304:WilStaging_02_p0
                   	Object Handle:	0x698
                   
                   Process Information:
                   	Process ID:	0x954
                   	Process Name:	C:\Windows\System32\gpresult.exe
                   
                   Requested Operation:
                   	Desired Access:	DELETE
                   				READ_CONTROL
                   				WRITE_DAC
                   				WRITE_OWNER
                   				SYNCHRONIZE
                   				Query semaphore state
                   				Modify semaphore state
                   				
                   	Privileges:		SeTakeOwnershipPrivilege

TimeCreated      : 2/27/2026 11:41:44 PM
Id               : 4674
LevelDisplayName : Information
ProviderName     : Microsoft-Windows-Security-Auditing
Message          : An operation was attempted on a privileged object.
                   
                   Subject:
                   	Security ID:		S-1-5-21-2575695074-2613746757-3083589692-500
                   	Account Name:		admin_patrick
                   	Account Domain:		cui-win-pilot-0
                   	Logon ID:		0x435D85F
                   
                   Object:
                   	Object Server:	Security
                   	Object Type:	-
                   	Object Name:	-
                   	Object Handle:	0x694
                   
                   Process Information:
                   	Process ID:	0x954
                   	Process Name:	C:\Windows\System32\gpresult.exe
                   
                   Requested Operation:
                   	Desired Access:	2031617
                   	Privileges:		SeTakeOwnershipPrivilege

TimeCreated      : 2/27/2026 11:41:44 PM
Id               : 4674
LevelDisplayName : Information
ProviderName     : Microsoft-Windows-Security-Auditing
Message          : An operation was attempted on a privileged object.
                   
                   Subject:
                   	Security ID:		S-1-5-21-2575695074-2613746757-3083589692-500
                   	Account Name:		admin_patrick
                   	Account Domain:		cui-win-pilot-0
                   	Logon ID:		0x435D85F
                   
                   Object:
                   	Object Server:	Security
                   	Object Type:	Mutant
                   	Object Name:	\BaseNamedObjects\SM0:2388:304:WilStaging_02
                   	Object Handle:	0x694
                   
                   Process Information:
                   	Process ID:	0x954
                   	Process Name:	C:\Windows\System32\gpresult.exe
                   
                   Requested Operation:
                   	Desired Access:	DELETE
                   				READ_CONTROL
                   				WRITE_DAC
                   				WRITE_OWNER
                   				SYNCHRONIZE
                   				Query mutant state
                   				
                   	Privileges:		SeTakeOwnershipPrivilege

TimeCreated      : 2/27/2026 11:41:44 PM
Id               : 4674
LevelDisplayName : Information
ProviderName     : Microsoft-Windows-Security-Auditing
Message          : An operation was attempted on a privileged object.
                   
                   Subject:
                   	Security ID:		S-1-5-21-2575695074-2613746757-3083589692-500
                   	Account Name:		admin_patrick
                   	Account Domain:		cui-win-pilot-0
                   	Logon ID:		0x435D85F
                   
                   Object:
                   	Object Server:	Security
                   	Object Type:	Semaphore
                   	Object Name:	\BaseNamedObjects\SM0:2388:304:WilStaging_02_p0h
                   	Object Handle:	0x67c
                   
                   Process Information:
                   	Process ID:	0x954
                   	Process Name:	C:\Windows\System32\gpresult.exe
                   
                   Requested Operation:
                   	Desired Access:	DELETE
                   				READ_CONTROL
                   				WRITE_DAC
                   				WRITE_OWNER
                   				SYNCHRONIZE
                   				Query semaphore state
                   				Modify semaphore state
                   				
                   	Privileges:		SeTakeOwnershipPrivilege

TimeCreated      : 2/27/2026 11:41:44 PM
Id               : 4674
LevelDisplayName : Information
ProviderName     : Microsoft-Windows-Security-Auditing
Message          : An operation was attempted on a privileged object.
                   
                   Subject:
                   	Security ID:		S-1-5-21-2575695074-2613746757-3083589692-500
                   	Account Name:		admin_patrick
                   	Account Domain:		cui-win-pilot-0
                   	Logon ID:		0x435D85F
                   
                   Object:
                   	Object Server:	Security
                   	Object Type:	Semaphore
                   	Object Name:	\BaseNamedObjects\SM0:2388:304:WilStaging_02_p0
                   	Object Handle:	0x678
                   
                   Process Information:
                   	Process ID:	0x954
                   	Process Name:	C:\Windows\System32\gpresult.exe
                   
                   Requested Operation:
                   	Desired Access:	DELETE
                   				READ_CONTROL
                   				WRITE_DAC
                   				WRITE_OWNER
                   				SYNCHRONIZE
                   				Query semaphore state
                   				Modify semaphore state
                   				
                   	Privileges:		SeTakeOwnershipPrivilege

TimeCreated      : 2/27/2026 11:41:44 PM
Id               : 4674
LevelDisplayName : Information
ProviderName     : Microsoft-Windows-Security-Auditing
Message          : An operation was attempted on a privileged object.
                   
                   Subject:
                   	Security ID:		S-1-5-21-2575695074-2613746757-3083589692-500
                   	Account Name:		admin_patrick
                   	Account Domain:		cui-win-pilot-0
                   	Logon ID:		0x435D85F
                   
                   Object:
                   	Object Server:	Security
                   	Object Type:	-
                   	Object Name:	-
                   	Object Handle:	0x674
                   
                   Process Information:
                   	Process ID:	0x954
                   	Process Name:	C:\Windows\System32\gpresult.exe
                   
                   Requested Operation:
                   	Desired Access:	2031617
                   	Privileges:		SeTakeOwnershipPrivilege

TimeCreated      : 2/27/2026 11:41:44 PM
Id               : 4674
LevelDisplayName : Information
ProviderName     : Microsoft-Windows-Security-Auditing
Message          : An operation was attempted on a privileged object.
                   
                   Subject:
                   	Security ID:		S-1-5-21-2575695074-2613746757-3083589692-500
                   	Account Name:		admin_patrick
                   	Account Domain:		cui-win-pilot-0
                   	Logon ID:		0x435D85F
                   
                   Object:
                   	Object Server:	Security
                   	Object Type:	Mutant
                   	Object Name:	\BaseNamedObjects\SM0:2388:304:WilStaging_02
                   	Object Handle:	0x674
                   
                   Process Information:
                   	Process ID:	0x954
                   	Process Name:	C:\Windows\System32\gpresult.exe
                   
                   Requested Operation:
                   	Desired Access:	DELETE
                   				READ_CONTROL
                   				WRITE_DAC
                   				WRITE_OWNER
                   				SYNCHRONIZE
                   				Query mutant state
                   				
                   	Privileges:		SeTakeOwnershipPrivilege

TimeCreated      : 2/27/2026 11:41:44 PM
Id               : 4674
LevelDisplayName : Information
ProviderName     : Microsoft-Windows-Security-Auditing
Message          : An operation was attempted on a privileged object.
                   
                   Subject:
                   	Security ID:		S-1-5-21-2575695074-2613746757-3083589692-500
                   	Account Name:		admin_patrick
                   	Account Domain:		cui-win-pilot-0
                   	Logon ID:		0x435D85F
                   
                   Object:
                   	Object Server:	Security
                   	Object Type:	Semaphore
                   	Object Name:	\BaseNamedObjects\SM0:2388:304:WilStaging_02_p0h
                   	Object Handle:	0x4b4
                   
                   Process Information:
                   	Process ID:	0x954
                   	Process Name:	C:\Windows\System32\gpresult.exe
                   
                   Requested Operation:
                   	Desired Access:	DELETE
                   				READ_CONTROL
                   				WRITE_DAC
                   				WRITE_OWNER
                   				SYNCHRONIZE
                   				Query semaphore state
                   				Modify semaphore state
                   				
                   	Privileges:		SeTakeOwnershipPrivilege

TimeCreated      : 2/27/2026 11:41:44 PM
Id               : 4674
LevelDisplayName : Information
ProviderName     : Microsoft-Windows-Security-Auditing
Message          : An operation was attempted on a privileged object.
                   
                   Subject:
                   	Security ID:		S-1-5-21-2575695074-2613746757-3083589692-500
                   	Account Name:		admin_patrick
                   	Account Domain:		cui-win-pilot-0
                   	Logon ID:		0x435D85F
                   
                   Object:
                   	Object Server:	Security
                   	Object Type:	Semaphore
                   	Object Name:	\BaseNamedObjects\SM0:2388:304:WilStaging_02_p0
                   	Object Handle:	0x4b0
                   
                   Process Information:
                   	Process ID:	0x954
                   	Process Name:	C:\Windows\System32\gpresult.exe
                   
                   Requested Operation:
                   	Desired Access:	DELETE
                   				READ_CONTROL
                   				WRITE_DAC
                   				WRITE_OWNER
                   				SYNCHRONIZE
                   				Query semaphore state
                   				Modify semaphore state
                   				
                   	Privileges:		SeTakeOwnershipPrivilege

TimeCreated      : 2/27/2026 11:41:44 PM
Id               : 4674
LevelDisplayName : Information
ProviderName     : Microsoft-Windows-Security-Auditing
Message          : An operation was attempted on a privileged object.
                   
                   Subject:
                   	Security ID:		S-1-5-21-2575695074-2613746757-3083589692-500
                   	Account Name:		admin_patrick
                   	Account Domain:		cui-win-pilot-0
                   	Logon ID:		0x435D85F
                   
                   Object:
                   	Object Server:	Security
                   	Object Type:	-
                   	Object Name:	-
                   	Object Handle:	0x4ac
                   
                   Process Information:
                   	Process ID:	0x954
                   	Process Name:	C:\Windows\System32\gpresult.exe
                   
                   Requested Operation:
                   	Desired Access:	2031617
                   	Privileges:		SeTakeOwnershipPrivilege

TimeCreated      : 2/27/2026 11:41:44 PM
Id               : 4674
LevelDisplayName : Information
ProviderName     : Microsoft-Windows-Security-Auditing
Message          : An operation was attempted on a privileged object.
                   
                   Subject:
                   	Security ID:		S-1-5-21-2575695074-2613746757-3083589692-500
                   	Account Name:		admin_patrick
                   	Account Domain:		cui-win-pilot-0
                   	Logon ID:		0x435D85F
                   
                   Object:
                   	Object Server:	Security
                   	Object Type:	Mutant
                   	Object Name:	\BaseNamedObjects\SM0:2388:304:WilStaging_02
                   	Object Handle:	0x4ac
                   
                   Process Information:
                   	Process ID:	0x954
                   	Process Name:	C:\Windows\System32\gpresult.exe
                   
                   Requested Operation:
                   	Desired Access:	DELETE
                   				READ_CONTROL
                   				WRITE_DAC
                   				WRITE_OWNER
                   				SYNCHRONIZE
                   				Query mutant state
                   				
                   	Privileges:		SeTakeOwnershipPrivilege





