

TimeCreated      : 2/27/2026 11:41:29 PM
Id               : 7036
LevelDisplayName : Information
ProviderName     : Service Control Manager
Message          : The Network Setup Service service entered the running state.

TimeCreated      : 2/27/2026 11:41:22 PM
Id               : 7036
LevelDisplayName : Information
ProviderName     : Service Control Manager
Message          : The Windows Modules Installer service entered the running state.

TimeCreated      : 2/27/2026 11:37:19 PM
Id               : 7036
LevelDisplayName : Information
ProviderName     : Service Control Manager
Message          : The WaaSMedicSvc service entered the stopped state.

TimeCreated      : 2/27/2026 11:36:17 PM
Id               : 7036
LevelDisplayName : Information
ProviderName     : Service Control Manager
Message          : The WaaSMedicSvc service entered the running state.

TimeCreated      : 2/27/2026 11:26:13 PM
Id               : 7036
LevelDisplayName : Information
ProviderName     : Service Control Manager
Message          : The Software Protection service entered the stopped state.

TimeCreated      : 2/27/2026 11:25:42 PM
Id               : 7036
LevelDisplayName : Information
ProviderName     : Service Control Manager
Message          : The Software Protection service entered the running state.

TimeCreated      : 2/27/2026 11:19:44 PM
Id               : 7036
LevelDisplayName : Information
ProviderName     : Service Control Manager
Message          : The AppX Deployment Service (AppXSVC) service entered the stopped state.

TimeCreated      : 2/27/2026 11:15:06 PM
Id               : 7036
LevelDisplayName : Information
ProviderName     : Service Control Manager
Message          : The Network Setup Service service entered the stopped state.

TimeCreated      : 2/27/2026 11:12:05 PM
Id               : 7036
LevelDisplayName : Information
ProviderName     : Service Control Manager
Message          : The Network Setup Service service entered the running state.

TimeCreated      : 2/27/2026 11:09:14 PM
Id               : 7036
LevelDisplayName : Information
ProviderName     : Service Control Manager
Message          : The Software Protection service entered the stopped state.

TimeCreated      : 2/27/2026 11:08:44 PM
Id               : 7036
LevelDisplayName : Information
ProviderName     : Service Control Manager
Message          : The AppX Deployment Service (AppXSVC) service entered the running state.

TimeCreated      : 2/27/2026 11:08:43 PM
Id               : 7036
LevelDisplayName : Information
ProviderName     : Service Control Manager
Message          : The Software Protection service entered the running state.

TimeCreated      : 2/27/2026 10:58:30 PM
Id               : 7036
LevelDisplayName : Information
ProviderName     : Service Control Manager
Message          : The WaaSMedicSvc service entered the stopped state.

TimeCreated      : 2/27/2026 10:57:29 PM
Id               : 7036
LevelDisplayName : Information
ProviderName     : Service Control Manager
Message          : The WaaSMedicSvc service entered the running state.

TimeCreated      : 2/27/2026 10:56:17 PM
Id               : 7036
LevelDisplayName : Information
ProviderName     : Service Control Manager
Message          : The WaaSMedicSvc service entered the stopped state.

TimeCreated      : 2/27/2026 10:55:46 PM
Id               : 7036
LevelDisplayName : Information
ProviderName     : Service Control Manager
Message          : The Software Protection service entered the stopped state.

TimeCreated      : 2/27/2026 10:55:15 PM
Id               : 7036
LevelDisplayName : Information
ProviderName     : Service Control Manager
Message          : The Software Protection service entered the running state.

TimeCreated      : 2/27/2026 10:55:14 PM
Id               : 7036
LevelDisplayName : Information
ProviderName     : Service Control Manager
Message          : The WaaSMedicSvc service entered the running state.

TimeCreated      : 2/27/2026 10:26:03 PM
Id               : 7036
LevelDisplayName : Information
ProviderName     : Service Control Manager
Message          : The Software Protection service entered the stopped state.

TimeCreated      : 2/27/2026 10:25:32 PM
Id               : 7036
LevelDisplayName : Information
ProviderName     : Service Control Manager
Message          : The Software Protection service entered the running state.

TimeCreated      : 2/27/2026 10:17:30 PM
Id               : 7036
LevelDisplayName : Information
ProviderName     : Service Control Manager
Message          : The AppX Deployment Service (AppXSVC) service entered the stopped state.

TimeCreated      : 2/27/2026 10:15:06 PM
Id               : 7036
LevelDisplayName : Information
ProviderName     : Service Control Manager
Message          : The Network Setup Service service entered the stopped state.

TimeCreated      : 2/27/2026 10:12:30 PM
Id               : 7036
LevelDisplayName : Information
ProviderName     : Service Control Manager
Message          : The AppX Deployment Service (AppXSVC) service entered the running state.

TimeCreated      : 2/27/2026 10:12:05 PM
Id               : 7036
LevelDisplayName : Information
ProviderName     : Service Control Manager
Message          : The Network Setup Service service entered the running state.

TimeCreated      : 2/27/2026 10:09:10 PM
Id               : 7036
LevelDisplayName : Information
ProviderName     : Service Control Manager
Message          : The Software Protection service entered the stopped state.

TimeCreated      : 2/27/2026 10:08:40 PM
Id               : 7036
LevelDisplayName : Information
ProviderName     : Service Control Manager
Message          : The Software Protection service entered the running state.

TimeCreated      : 2/27/2026 10:05:21 PM
Id               : 7036
LevelDisplayName : Information
ProviderName     : Service Control Manager
Message          : The Windows Camera Frame Server Monitor service entered the stopped state.

TimeCreated      : 2/27/2026 10:04:51 PM
Id               : 7036
LevelDisplayName : Information
ProviderName     : Service Control Manager
Message          : The Windows Camera Frame Server Monitor service entered the running state.

TimeCreated      : 2/27/2026 9:58:29 PM
Id               : 7036
LevelDisplayName : Information
ProviderName     : Service Control Manager
Message          : The WaaSMedicSvc service entered the stopped state.

TimeCreated      : 2/27/2026 9:58:19 PM
Id               : 7036
LevelDisplayName : Information
ProviderName     : Service Control Manager
Message          : The Microsoft Passport Container service entered the stopped state.

TimeCreated      : 2/27/2026 9:57:28 PM
Id               : 7036
LevelDisplayName : Information
ProviderName     : Service Control Manager
Message          : The WaaSMedicSvc service entered the running state.

TimeCreated      : 2/27/2026 9:54:46 PM
Id               : 7036
LevelDisplayName : Information
ProviderName     : Service Control Manager
Message          : The WaaSMedicSvc service entered the stopped state.

TimeCreated      : 2/27/2026 9:54:19 PM
Id               : 7036
LevelDisplayName : Information
ProviderName     : Service Control Manager
Message          : The Microsoft Account Sign-in Assistant service entered the stopped state.

TimeCreated      : 2/27/2026 9:53:44 PM
Id               : 7036
LevelDisplayName : Information
ProviderName     : Service Control Manager
Message          : The WaaSMedicSvc service entered the running state.

TimeCreated      : 2/27/2026 9:53:19 PM
Id               : 7036
LevelDisplayName : Information
ProviderName     : Service Control Manager
Message          : The Microsoft Passport service entered the stopped state.

TimeCreated      : 2/27/2026 9:49:48 PM
Id               : 7036
LevelDisplayName : Information
ProviderName     : Service Control Manager
Message          : The WaaSMedicSvc service entered the stopped state.

TimeCreated      : 2/27/2026 9:49:36 PM
Id               : 7036
LevelDisplayName : Information
ProviderName     : Service Control Manager
Message          : The Device Setup Manager service entered the stopped state.

TimeCreated      : 2/27/2026 9:49:09 PM
Id               : 7036
LevelDisplayName : Information
ProviderName     : Service Control Manager
Message          : The Windows Camera Frame Server Monitor service entered the stopped state.

TimeCreated      : 2/27/2026 9:48:44 PM
Id               : 7036
LevelDisplayName : Information
ProviderName     : Service Control Manager
Message          : The WaaSMedicSvc service entered the running state.

TimeCreated      : 2/27/2026 9:48:40 PM
Id               : 7036
LevelDisplayName : Information
ProviderName     : Service Control Manager
Message          : The Smart Card Device Enumeration Service service entered the running state.

TimeCreated      : 2/27/2026 9:48:39 PM
Id               : 7036
LevelDisplayName : Information
ProviderName     : Service Control Manager
Message          : The Windows Camera Frame Server Monitor service entered the running state.

TimeCreated      : 2/27/2026 9:48:39 PM
Id               : 7036
LevelDisplayName : Information
ProviderName     : Service Control Manager
Message          : The Device Setup Manager service entered the running state.

TimeCreated      : 2/27/2026 9:45:20 PM
Id               : 7036
LevelDisplayName : Information
ProviderName     : Service Control Manager
Message          : The Microsoft Passport Container service entered the running state.

TimeCreated      : 2/27/2026 9:45:20 PM
Id               : 7036
LevelDisplayName : Information
ProviderName     : Service Control Manager
Message          : The Microsoft Passport service entered the running state.

TimeCreated      : 2/27/2026 9:45:19 PM
Id               : 7036
LevelDisplayName : Information
ProviderName     : Service Control Manager
Message          : The Microsoft Account Sign-in Assistant service entered the running state.

TimeCreated      : 2/27/2026 9:44:09 PM
Id               : 7036
LevelDisplayName : Information
ProviderName     : Service Control Manager
Message          : The Software Protection service entered the stopped state.

TimeCreated      : 2/27/2026 9:43:38 PM
Id               : 7036
LevelDisplayName : Information
ProviderName     : Service Control Manager
Message          : The Software Protection service entered the running state.

TimeCreated      : 2/27/2026 9:25:54 PM
Id               : 7036
LevelDisplayName : Information
ProviderName     : Service Control Manager
Message          : The Software Protection service entered the stopped state.

TimeCreated      : 2/27/2026 9:25:23 PM
Id               : 7036
LevelDisplayName : Information
ProviderName     : Service Control Manager
Message          : The Software Protection service entered the running state.

TimeCreated      : 2/27/2026 9:17:33 PM
Id               : 7036
LevelDisplayName : Information
ProviderName     : Service Control Manager
Message          : The AppX Deployment Service (AppXSVC) service entered the stopped state.





