TimeCreated      : 2/24/2026 7:54:15 AM
Id               : 4658
LevelDisplayName : Information
ProviderName     : Microsoft-Windows-Security-Auditing
Message          : The handle to an object was closed.
                   
                   Subject :
                   	Security ID:		S-1-5-21-2575695074-2613746757-3083589692-500
                   	Account Name:		admin_patrick
                   	Account Domain:		cui-win-pilot-0
                   	Logon ID:		0x1F891845
                   
                   Object:
                   	Object Server:		Security Account Manager
                   	Handle ID:		0x1cf4c1a92d0
                   
                   Process Information:
                   	Process ID:		0x35c
                   	Process Name:		C:\Windows\System32\lsass.exe

TimeCreated      : 2/24/2026 7:54:15 AM
Id               : 4658
LevelDisplayName : Information
ProviderName     : Microsoft-Windows-Security-Auditing
Message          : The handle to an object was closed.
                   
                   Subject :
                   	Security ID:		S-1-5-21-2575695074-2613746757-3083589692-500
                   	Account Name:		admin_patrick
                   	Account Domain:		cui-win-pilot-0
                   	Logon ID:		0x1F891845
                   
                   Object:
                   	Object Server:		Security Account Manager
                   	Handle ID:		0x1cf4c1a8190
                   
                   Process Information:
                   	Process ID:		0x35c
                   	Process Name:		C:\Windows\System32\lsass.exe

TimeCreated      : 2/24/2026 7:54:15 AM
Id               : 4658
LevelDisplayName : Information
ProviderName     : Microsoft-Windows-Security-Auditing
Message          : The handle to an object was closed.
                   
                   Subject :
                   	Security ID:		S-1-5-21-2575695074-2613746757-3083589692-500
                   	Account Name:		admin_patrick
                   	Account Domain:		cui-win-pilot-0
                   	Logon ID:		0x1F891845
                   
                   Object:
                   	Object Server:		Security Account Manager
                   	Handle ID:		0x1cf4c1a7bd0
                   
                   Process Information:
                   	Process ID:		0x35c
                   	Process Name:		C:\Windows\System32\lsass.exe

TimeCreated      : 2/24/2026 7:54:15 AM
Id               : 4799
LevelDisplayName : Information
ProviderName     : Microsoft-Windows-Security-Auditing
Message          : A security-enabled local group membership was enumerated.
                   
                   Subject:
                   	Security ID:		S-1-5-21-2575695074-2613746757-3083589692-500
                   	Account Name:		admin_patrick
                   	Account Domain:		cui-win-pilot-0
                   	Logon ID:		0x1F891845
                   
                   Group:
                   	Security ID:		S-1-5-32-545
                   	Group Name:		Users
                   	Group Domain:		Builtin
                   
                   Process Information:
                   	Process ID:		0x1c0c
                   	Process Name:		C:\Windows\System32\WindowsPowerShell\v1.0\powershell.exe

TimeCreated      : 2/24/2026 7:54:15 AM
Id               : 4656
LevelDisplayName : Information
ProviderName     : Microsoft-Windows-Security-Auditing
Message          : A handle to an object was requested.
                   
                   Subject:
                   	Security ID:		S-1-5-21-2575695074-2613746757-3083589692-500
                   	Account Name:		admin_patrick
                   	Account Domain:		cui-win-pilot-0
                   	Logon ID:		0x1F891845
                   
                   Object:
                   	Object Server:		Security Account Manager
                   	Object Type:		SAM_ALIAS
                   	Object Name:		DOMAINS\Builtin\Aliases\00000221
                   	Handle ID:		0x1cf4c1a7bd0
                   	Resource Attributes:	-
                   
                   Process Information:
                   	Process ID:		0x35c
                   	Process Name:		C:\Windows\System32\lsass.exe
                   
                   Access Request Information:
                   	Transaction ID:		{00000000-0000-0000-0000-000000000000}
                   	Accesses:		DELETE
                   				READ_CONTROL
                   				WRITE_DAC
                   				WRITE_OWNER
                   				AddMember
                   				RemoveMember
                   				ListMembers
                   				ReadInformation
                   				WriteAccount
                   				
                   	Access Reasons:		-
                   	Access Mask:		0xF001F
                   	Privileges Used for Access Check:	-
                   	Restricted SID Count:	0

TimeCreated      : 2/24/2026 7:54:15 AM
Id               : 4658
LevelDisplayName : Information
ProviderName     : Microsoft-Windows-Security-Auditing
Message          : The handle to an object was closed.
                   
                   Subject :
                   	Security ID:		S-1-5-21-2575695074-2613746757-3083589692-500
                   	Account Name:		admin_patrick
                   	Account Domain:		cui-win-pilot-0
                   	Logon ID:		0x1F891845
                   
                   Object:
                   	Object Server:		Security Account Manager
                   	Handle ID:		0x1cf4c1a7bd0
                   
                   Process Information:
                   	Process ID:		0x35c
                   	Process Name:		C:\Windows\System32\lsass.exe





