

TimeCreated      : 2/24/2026 8:21:59 AM
Id               : 4656
LevelDisplayName : Information
ProviderName     : Microsoft-Windows-Security-Auditing
Message          : A handle to an object was requested.
                   
                   Subject:
                   	Security ID:		S-1-5-18
                   	Account Name:		cui-win-pilot-0$
                   	Account Domain:		WORKGROUP
                   	Logon ID:		0x3E7
                   
                   Object:
                   	Object Server:		Security
                   	Object Type:		File
                   	Object Name:		C:\Windows\System32\CatRoot\{F750E6C3-38EE-11D1-85E5-00C04FC295EE}\Microsoft-Windows-
                   ServerCore-SKU-Foundation-merged-Package~31bf3856ad364e35~amd64~~10.0.26100.1742.cat
                   	Handle ID:		0x13d4
                   	Resource Attributes:	-
                   
                   Process Information:
                   	Process ID:		0xef8
                   	Process Name:		C:\ProgramData\Microsoft\Windows Defender\Platform\4.18.26010.5-0\MsMpEng.exe
                   
                   Access Request Information:
                   	Transaction ID:		{00000000-0000-0000-0000-000000000000}
                   	Accesses:		READ_CONTROL
                   				SYNCHRONIZE
                   				ReadData (or ListDirectory)
                   				ReadEA
                   				ReadAttributes
                   				
                   	Access Reasons:		READ_CONTROL:	Granted by	D:(A;;0x1200a9;;;SY)
                   				SYNCHRONIZE:	Granted by	D:(A;;0x1200a9;;;SY)
                   				ReadData (or ListDirectory):	Granted by	D:(A;;0x1200a9;;;SY)
                   				ReadEA:	Granted by	D:(A;;0x1200a9;;;SY)
                   				ReadAttributes:	Granted by	D:(A;;0x1200a9;;;SY)
                   				
                   	Access Mask:		0x120089
                   	Privileges Used for Access Check:	-
                   	Restricted SID Count:	0

TimeCreated      : 2/24/2026 8:21:59 AM
Id               : 4658
LevelDisplayName : Information
ProviderName     : Microsoft-Windows-Security-Auditing
Message          : The handle to an object was closed.
                   
                   Subject :
                   	Security ID:		S-1-5-18
                   	Account Name:		cui-win-pilot-0$
                   	Account Domain:		WORKGROUP
                   	Logon ID:		0x3E7
                   
                   Object:
                   	Object Server:		Security
                   	Handle ID:		0x2040
                   
                   Process Information:
                   	Process ID:		0xef8
                   	Process Name:		C:\ProgramData\Microsoft\Windows Defender\Platform\4.18.26010.5-0\MsMpEng.exe

TimeCreated      : 2/24/2026 8:21:59 AM
Id               : 4690
LevelDisplayName : Information
ProviderName     : Microsoft-Windows-Security-Auditing
Message          : An attempt was made to duplicate a handle to an object.
                   
                   Subject:
                   	Security ID:		S-1-5-18
                   	Account Name:		cui-win-pilot-0$
                   	Account Domain:		WORKGROUP
                   	Logon ID:		0x3E7
                   
                   Source Handle Information:
                   	Source Handle ID:	0x13d4
                   	Source Process ID:	0xef8
                   
                   New Handle Information:
                   	Target Handle ID:	0x2040
                   	Target Process ID:	0x4

TimeCreated      : 2/24/2026 8:21:59 AM
Id               : 4656
LevelDisplayName : Information
ProviderName     : Microsoft-Windows-Security-Auditing
Message          : A handle to an object was requested.
                   
                   Subject:
                   	Security ID:		S-1-5-18
                   	Account Name:		cui-win-pilot-0$
                   	Account Domain:		WORKGROUP
                   	Logon ID:		0x3E7
                   
                   Object:
                   	Object Server:		Security
                   	Object Type:		File
                   	Object Name:		C:\Windows\System32\CatRoot\{F750E6C3-38EE-11D1-85E5-00C04FC295EE}\Microsoft-Windows-
                   Server-Features-Package09~31bf3856ad364e35~amd64~~10.0.26100.1591.cat
                   	Handle ID:		0x130c
                   	Resource Attributes:	-
                   
                   Process Information:
                   	Process ID:		0xef8
                   	Process Name:		C:\ProgramData\Microsoft\Windows Defender\Platform\4.18.26010.5-0\MsMpEng.exe
                   
                   Access Request Information:
                   	Transaction ID:		{00000000-0000-0000-0000-000000000000}
                   	Accesses:		READ_CONTROL
                   				SYNCHRONIZE
                   				ReadData (or ListDirectory)
                   				ReadEA
                   				ReadAttributes
                   				
                   	Access Reasons:		READ_CONTROL:	Granted by	D:(A;;0x1200a9;;;SY)
                   				SYNCHRONIZE:	Granted by	D:(A;;0x1200a9;;;SY)
                   				ReadData (or ListDirectory):	Granted by	D:(A;;0x1200a9;;;SY)
                   				ReadEA:	Granted by	D:(A;;0x1200a9;;;SY)
                   				ReadAttributes:	Granted by	D:(A;;0x1200a9;;;SY)
                   				
                   	Access Mask:		0x120089
                   	Privileges Used for Access Check:	-
                   	Restricted SID Count:	0

TimeCreated      : 2/24/2026 8:21:59 AM
Id               : 4658
LevelDisplayName : Information
ProviderName     : Microsoft-Windows-Security-Auditing
Message          : The handle to an object was closed.
                   
                   Subject :
                   	Security ID:		S-1-5-18
                   	Account Name:		cui-win-pilot-0$
                   	Account Domain:		WORKGROUP
                   	Logon ID:		0x3E7
                   
                   Object:
                   	Object Server:		Security
                   	Handle ID:		0x2040
                   
                   Process Information:
                   	Process ID:		0xef8
                   	Process Name:		C:\ProgramData\Microsoft\Windows Defender\Platform\4.18.26010.5-0\MsMpEng.exe

TimeCreated      : 2/24/2026 8:21:59 AM
Id               : 4690
LevelDisplayName : Information
ProviderName     : Microsoft-Windows-Security-Auditing
Message          : An attempt was made to duplicate a handle to an object.
                   
                   Subject:
                   	Security ID:		S-1-5-18
                   	Account Name:		cui-win-pilot-0$
                   	Account Domain:		WORKGROUP
                   	Logon ID:		0x3E7
                   
                   Source Handle Information:
                   	Source Handle ID:	0x130c
                   	Source Process ID:	0xef8
                   
                   New Handle Information:
                   	Target Handle ID:	0x2040
                   	Target Process ID:	0x4

TimeCreated      : 2/24/2026 8:21:59 AM
Id               : 4688
LevelDisplayName : Information
ProviderName     : Microsoft-Windows-Security-Auditing
Message          : A new process has been created.
                   
                   Creator Subject:
                   	Security ID:		S-1-5-21-2575695074-2613746757-3083589692-500
                   	Account Name:		admin_patrick
                   	Account Domain:		cui-win-pilot-0
                   	Logon ID:		0x1C99CF
                   
                   Target Subject:
                   	Security ID:		S-1-0-0
                   	Account Name:		-
                   	Account Domain:		-
                   	Logon ID:		0x0
                   
                   Process Information:
                   	New Process ID:		0xe00
                   	New Process Name:	C:\Windows\System32\wevtutil.exe
                   	Token Elevation Type:	TokenElevationTypeDefault (1)
                   	Mandatory Label:		S-1-16-12288
                   	Creator Process ID:	0xadc
                   	Creator Process Name:	C:\Windows\System32\WindowsPowerShell\v1.0\powershell.exe
                   	Process Command Line:	
                   
                   Token Elevation Type indicates the type of token that was assigned to the new process in accordance 
                   with User Account Control policy.
                   
                   Type 1 is a full token with no privileges removed or groups disabled.  A full token is only used if 
                   User Account Control is disabled or if the user is the built-in Administrator account or a service 
                   account.
                   
                   Type 2 is an elevated token with no privileges removed or groups disabled.  An elevated token is 
                   used when User Account Control is enabled and the user chooses to start the program using Run as 
                   administrator.  An elevated token is also used when an application is configured to always require 
                   administrative privilege or to always require maximum privilege, and the user is a member of the 
                   Administrators group.
                   
                   Type 3 is a limited token with administrative privileges removed and administrative groups 
                   disabled.  The limited token is used when User Account Control is enabled, the application does not 
                   require administrative privilege, and the user does not choose to start the program using Run as 
                   administrator.

TimeCreated      : 2/24/2026 8:21:59 AM
Id               : 4658
LevelDisplayName : Information
ProviderName     : Microsoft-Windows-Security-Auditing
Message          : The handle to an object was closed.
                   
                   Subject :
                   	Security ID:		S-1-5-18
                   	Account Name:		cui-win-pilot-0$
                   	Account Domain:		WORKGROUP
                   	Logon ID:		0x3E7
                   
                   Object:
                   	Object Server:		Security
                   	Handle ID:		0xec4
                   
                   Process Information:
                   	Process ID:		0xef8
                   	Process Name:		C:\ProgramData\Microsoft\Windows Defender\Platform\4.18.26010.5-0\MsMpEng.exe

TimeCreated      : 2/24/2026 8:21:59 AM
Id               : 4658
LevelDisplayName : Information
ProviderName     : Microsoft-Windows-Security-Auditing
Message          : The handle to an object was closed.
                   
                   Subject :
                   	Security ID:		S-1-5-18
                   	Account Name:		cui-win-pilot-0$
                   	Account Domain:		WORKGROUP
                   	Logon ID:		0x3E7
                   
                   Object:
                   	Object Server:		Security
                   	Handle ID:		0x13f8
                   
                   Process Information:
                   	Process ID:		0xef8
                   	Process Name:		C:\ProgramData\Microsoft\Windows Defender\Platform\4.18.26010.5-0\MsMpEng.exe

TimeCreated      : 2/24/2026 8:21:59 AM
Id               : 4656
LevelDisplayName : Information
ProviderName     : Microsoft-Windows-Security-Auditing
Message          : A handle to an object was requested.
                   
                   Subject:
                   	Security ID:		S-1-5-18
                   	Account Name:		cui-win-pilot-0$
                   	Account Domain:		WORKGROUP
                   	Logon ID:		0x3E7
                   
                   Object:
                   	Object Server:		Security
                   	Object Type:		File
                   	Object Name:		C:\Windows\servicing\Packages\Microsoft-Windows-WMX-WOW64-Package~31bf3856ad364e35~am
                   d64~en-US~10.0.26100.32230.mum
                   	Handle ID:		0x13f8
                   	Resource Attributes:	-
                   
                   Process Information:
                   	Process ID:		0xef8
                   	Process Name:		C:\ProgramData\Microsoft\Windows Defender\Platform\4.18.26010.5-0\MsMpEng.exe
                   
                   Access Request Information:
                   	Transaction ID:		{00000000-0000-0000-0000-000000000000}
                   	Accesses:		READ_CONTROL
                   				SYNCHRONIZE
                   				ReadData (or ListDirectory)
                   				ReadEA
                   				ReadAttributes
                   				
                   	Access Reasons:		READ_CONTROL:	Granted by	D:(A;;0x1200a9;;;SY)
                   				SYNCHRONIZE:	Granted by	D:(A;;0x1200a9;;;SY)
                   				ReadData (or ListDirectory):	Granted by	D:(A;;0x1200a9;;;SY)
                   				ReadEA:	Granted by	D:(A;;0x1200a9;;;SY)
                   				ReadAttributes:	Granted by	D:(A;;0x1200a9;;;SY)
                   				
                   	Access Mask:		0x120089
                   	Privileges Used for Access Check:	-
                   	Restricted SID Count:	0

TimeCreated      : 2/24/2026 8:21:59 AM
Id               : 4658
LevelDisplayName : Information
ProviderName     : Microsoft-Windows-Security-Auditing
Message          : The handle to an object was closed.
                   
                   Subject :
                   	Security ID:		S-1-5-18
                   	Account Name:		cui-win-pilot-0$
                   	Account Domain:		WORKGROUP
                   	Logon ID:		0x3E7
                   
                   Object:
                   	Object Server:		Security
                   	Handle ID:		0x201c
                   
                   Process Information:
                   	Process ID:		0xef8
                   	Process Name:		C:\ProgramData\Microsoft\Windows Defender\Platform\4.18.26010.5-0\MsMpEng.exe

TimeCreated      : 2/24/2026 8:21:59 AM
Id               : 4690
LevelDisplayName : Information
ProviderName     : Microsoft-Windows-Security-Auditing
Message          : An attempt was made to duplicate a handle to an object.
                   
                   Subject:
                   	Security ID:		S-1-5-18
                   	Account Name:		cui-win-pilot-0$
                   	Account Domain:		WORKGROUP
                   	Logon ID:		0x3E7
                   
                   Source Handle Information:
                   	Source Handle ID:	0x13f8
                   	Source Process ID:	0xef8
                   
                   New Handle Information:
                   	Target Handle ID:	0x201c
                   	Target Process ID:	0x4

TimeCreated      : 2/24/2026 8:21:59 AM
Id               : 4656
LevelDisplayName : Information
ProviderName     : Microsoft-Windows-Security-Auditing
Message          : A handle to an object was requested.
                   
                   Subject:
                   	Security ID:		S-1-5-18
                   	Account Name:		cui-win-pilot-0$
                   	Account Domain:		WORKGROUP
                   	Logon ID:		0x3E7
                   
                   Object:
                   	Object Server:		Security
                   	Object Type:		File
                   	Object Name:		C:\Windows\servicing\Packages\Microsoft-Windows-WMX-WOW64-Package~31bf3856ad364e35~am
                   d64~en-US~10.0.26100.32230.mum
                   	Handle ID:		0xec4
                   	Resource Attributes:	-
                   
                   Process Information:
                   	Process ID:		0xef8
                   	Process Name:		C:\ProgramData\Microsoft\Windows Defender\Platform\4.18.26010.5-0\MsMpEng.exe
                   
                   Access Request Information:
                   	Transaction ID:		{00000000-0000-0000-0000-000000000000}
                   	Accesses:		READ_CONTROL
                   				SYNCHRONIZE
                   				ReadData (or ListDirectory)
                   				ReadAttributes
                   				
                   	Access Reasons:		-
                   	Access Mask:		0x120081
                   	Privileges Used for Access Check:	SeBackupPrivilege
                   	Restricted SID Count:	0

TimeCreated      : 2/24/2026 8:21:59 AM
Id               : 4658
LevelDisplayName : Information
ProviderName     : Microsoft-Windows-Security-Auditing
Message          : The handle to an object was closed.
                   
                   Subject :
                   	Security ID:		S-1-5-18
                   	Account Name:		cui-win-pilot-0$
                   	Account Domain:		WORKGROUP
                   	Logon ID:		0x3E7
                   
                   Object:
                   	Object Server:		Security
                   	Handle ID:		0x201c
                   
                   Process Information:
                   	Process ID:		0xef8
                   	Process Name:		C:\ProgramData\Microsoft\Windows Defender\Platform\4.18.26010.5-0\MsMpEng.exe

TimeCreated      : 2/24/2026 8:21:59 AM
Id               : 4690
LevelDisplayName : Information
ProviderName     : Microsoft-Windows-Security-Auditing
Message          : An attempt was made to duplicate a handle to an object.
                   
                   Subject:
                   	Security ID:		S-1-5-18
                   	Account Name:		cui-win-pilot-0$
                   	Account Domain:		WORKGROUP
                   	Logon ID:		0x3E7
                   
                   Source Handle Information:
                   	Source Handle ID:	0xec4
                   	Source Process ID:	0xef8
                   
                   New Handle Information:
                   	Target Handle ID:	0x201c
                   	Target Process ID:	0x4

TimeCreated      : 2/24/2026 8:21:59 AM
Id               : 4658
LevelDisplayName : Information
ProviderName     : Microsoft-Windows-Security-Auditing
Message          : The handle to an object was closed.
                   
                   Subject :
                   	Security ID:		S-1-5-18
                   	Account Name:		cui-win-pilot-0$
                   	Account Domain:		WORKGROUP
                   	Logon ID:		0x3E7
                   
                   Object:
                   	Object Server:		Security
                   	Handle ID:		0x136c
                   
                   Process Information:
                   	Process ID:		0xef8
                   	Process Name:		C:\ProgramData\Microsoft\Windows Defender\Platform\4.18.26010.5-0\MsMpEng.exe

TimeCreated      : 2/24/2026 8:21:59 AM
Id               : 4656
LevelDisplayName : Information
ProviderName     : Microsoft-Windows-Security-Auditing
Message          : A handle to an object was requested.
                   
                   Subject:
                   	Security ID:		S-1-5-18
                   	Account Name:		cui-win-pilot-0$
                   	Account Domain:		WORKGROUP
                   	Logon ID:		0x3E7
                   
                   Object:
                   	Object Server:		Security
                   	Object Type:		File
                   	Object Name:		C:\Windows\servicing\Packages\Microsoft-Windows-WMX-WOW64-Package~31bf3856ad364e35~am
                   d64~en-US~10.0.26100.32230.mum
                   	Handle ID:		0x136c
                   	Resource Attributes:	-
                   
                   Process Information:
                   	Process ID:		0xef8
                   	Process Name:		C:\ProgramData\Microsoft\Windows Defender\Platform\4.18.26010.5-0\MsMpEng.exe
                   
                   Access Request Information:
                   	Transaction ID:		{00000000-0000-0000-0000-000000000000}
                   	Accesses:		SYNCHRONIZE
                   				ReadAttributes
                   				
                   	Access Reasons:		-
                   	Access Mask:		0x100080
                   	Privileges Used for Access Check:	SeBackupPrivilege
                   	Restricted SID Count:	0

TimeCreated      : 2/24/2026 8:21:59 AM
Id               : 4658
LevelDisplayName : Information
ProviderName     : Microsoft-Windows-Security-Auditing
Message          : The handle to an object was closed.
                   
                   Subject :
                   	Security ID:		S-1-5-18
                   	Account Name:		cui-win-pilot-0$
                   	Account Domain:		WORKGROUP
                   	Logon ID:		0x3E7
                   
                   Object:
                   	Object Server:		Security
                   	Handle ID:		0x2040
                   
                   Process Information:
                   	Process ID:		0xef8
                   	Process Name:		C:\ProgramData\Microsoft\Windows Defender\Platform\4.18.26010.5-0\MsMpEng.exe

TimeCreated      : 2/24/2026 8:21:59 AM
Id               : 4690
LevelDisplayName : Information
ProviderName     : Microsoft-Windows-Security-Auditing
Message          : An attempt was made to duplicate a handle to an object.
                   
                   Subject:
                   	Security ID:		S-1-5-18
                   	Account Name:		cui-win-pilot-0$
                   	Account Domain:		WORKGROUP
                   	Logon ID:		0x3E7
                   
                   Source Handle Information:
                   	Source Handle ID:	0x136c
                   	Source Process ID:	0xef8
                   
                   New Handle Information:
                   	Target Handle ID:	0x2040
                   	Target Process ID:	0x4

TimeCreated      : 2/24/2026 8:21:59 AM
Id               : 4658
LevelDisplayName : Information
ProviderName     : Microsoft-Windows-Security-Auditing
Message          : The handle to an object was closed.
                   
                   Subject :
                   	Security ID:		S-1-5-18
                   	Account Name:		cui-win-pilot-0$
                   	Account Domain:		WORKGROUP
                   	Logon ID:		0x3E7
                   
                   Object:
                   	Object Server:		Security
                   	Handle ID:		0x13e8
                   
                   Process Information:
                   	Process ID:		0xef8
                   	Process Name:		C:\ProgramData\Microsoft\Windows Defender\Platform\4.18.26010.5-0\MsMpEng.exe

TimeCreated      : 2/24/2026 8:21:59 AM
Id               : 4658
LevelDisplayName : Information
ProviderName     : Microsoft-Windows-Security-Auditing
Message          : The handle to an object was closed.
                   
                   Subject :
                   	Security ID:		S-1-5-18
                   	Account Name:		cui-win-pilot-0$
                   	Account Domain:		WORKGROUP
                   	Logon ID:		0x3E7
                   
                   Object:
                   	Object Server:		Security
                   	Handle ID:		0x1240
                   
                   Process Information:
                   	Process ID:		0xef8
                   	Process Name:		C:\ProgramData\Microsoft\Windows Defender\Platform\4.18.26010.5-0\MsMpEng.exe

TimeCreated      : 2/24/2026 8:21:59 AM
Id               : 4674
LevelDisplayName : Information
ProviderName     : Microsoft-Windows-Security-Auditing
Message          : An operation was attempted on a privileged object.
                   
                   Subject:
                   	Security ID:		S-1-5-21-2575695074-2613746757-3083589692-500
                   	Account Name:		admin_patrick
                   	Account Domain:		cui-win-pilot-0
                   	Logon ID:		0x1C99CF
                   
                   Object:
                   	Object Server:	LSA
                   	Object Type:	-
                   	Object Name:	-
                   	Object Handle:	0x0
                   
                   Process Information:
                   	Process ID:	0x370
                   	Process Name:	C:\Windows\System32\lsass.exe
                   
                   Requested Operation:
                   	Desired Access:	16777216
                   	Privileges:		SeSecurityPrivilege

TimeCreated      : 2/24/2026 8:21:59 AM
Id               : 4656
LevelDisplayName : Information
ProviderName     : Microsoft-Windows-Security-Auditing
Message          : A handle to an object was requested.
                   
                   Subject:
                   	Security ID:		S-1-5-18
                   	Account Name:		cui-win-pilot-0$
                   	Account Domain:		WORKGROUP
                   	Logon ID:		0x3E7
                   
                   Object:
                   	Object Server:		Security
                   	Object Type:		File
                   	Object Name:		C:\Windows\System32\CatRoot\{F750E6C3-38EE-11D1-85E5-00C04FC295EE}\Microsoft-Windows-
                   Server-Features-Package03~31bf3856ad364e35~amd64~en-US~10.0.26100.1742.cat
                   	Handle ID:		0x13e8
                   	Resource Attributes:	-
                   
                   Process Information:
                   	Process ID:		0xef8
                   	Process Name:		C:\ProgramData\Microsoft\Windows Defender\Platform\4.18.26010.5-0\MsMpEng.exe
                   
                   Access Request Information:
                   	Transaction ID:		{00000000-0000-0000-0000-000000000000}
                   	Accesses:		READ_CONTROL
                   				SYNCHRONIZE
                   				ReadData (or ListDirectory)
                   				ReadEA
                   				ReadAttributes
                   				
                   	Access Reasons:		READ_CONTROL:	Granted by	D:(A;;0x1200a9;;;SY)
                   				SYNCHRONIZE:	Granted by	D:(A;;0x1200a9;;;SY)
                   				ReadData (or ListDirectory):	Granted by	D:(A;;0x1200a9;;;SY)
                   				ReadEA:	Granted by	D:(A;;0x1200a9;;;SY)
                   				ReadAttributes:	Granted by	D:(A;;0x1200a9;;;SY)
                   				
                   	Access Mask:		0x120089
                   	Privileges Used for Access Check:	-
                   	Restricted SID Count:	0

TimeCreated      : 2/24/2026 8:21:59 AM
Id               : 4658
LevelDisplayName : Information
ProviderName     : Microsoft-Windows-Security-Auditing
Message          : The handle to an object was closed.
                   
                   Subject :
                   	Security ID:		S-1-5-18
                   	Account Name:		cui-win-pilot-0$
                   	Account Domain:		WORKGROUP
                   	Logon ID:		0x3E7
                   
                   Object:
                   	Object Server:		Security
                   	Handle ID:		0x1c4c
                   
                   Process Information:
                   	Process ID:		0xef8
                   	Process Name:		C:\ProgramData\Microsoft\Windows Defender\Platform\4.18.26010.5-0\MsMpEng.exe

TimeCreated      : 2/24/2026 8:21:59 AM
Id               : 4690
LevelDisplayName : Information
ProviderName     : Microsoft-Windows-Security-Auditing
Message          : An attempt was made to duplicate a handle to an object.
                   
                   Subject:
                   	Security ID:		S-1-5-18
                   	Account Name:		cui-win-pilot-0$
                   	Account Domain:		WORKGROUP
                   	Logon ID:		0x3E7
                   
                   Source Handle Information:
                   	Source Handle ID:	0x13e8
                   	Source Process ID:	0xef8
                   
                   New Handle Information:
                   	Target Handle ID:	0x1c4c
                   	Target Process ID:	0x4

TimeCreated      : 2/24/2026 8:21:59 AM
Id               : 4656
LevelDisplayName : Information
ProviderName     : Microsoft-Windows-Security-Auditing
Message          : A handle to an object was requested.
                   
                   Subject:
                   	Security ID:		S-1-5-18
                   	Account Name:		cui-win-pilot-0$
                   	Account Domain:		WORKGROUP
                   	Logon ID:		0x3E7
                   
                   Object:
                   	Object Server:		Security
                   	Object Type:		File
                   	Object Name:		C:\Windows\System32\CatRoot\{F750E6C3-38EE-11D1-85E5-00C04FC295EE}\Microsoft-Windows-
                   Server-Features-Package0511~31bf3856ad364e35~amd64~en-US~10.0.26100.1591.cat
                   	Handle ID:		0x1240
                   	Resource Attributes:	-
                   
                   Process Information:
                   	Process ID:		0xef8
                   	Process Name:		C:\ProgramData\Microsoft\Windows Defender\Platform\4.18.26010.5-0\MsMpEng.exe
                   
                   Access Request Information:
                   	Transaction ID:		{00000000-0000-0000-0000-000000000000}
                   	Accesses:		READ_CONTROL
                   				SYNCHRONIZE
                   				ReadData (or ListDirectory)
                   				ReadEA
                   				ReadAttributes
                   				
                   	Access Reasons:		READ_CONTROL:	Granted by	D:(A;;0x1200a9;;;SY)
                   				SYNCHRONIZE:	Granted by	D:(A;;0x1200a9;;;SY)
                   				ReadData (or ListDirectory):	Granted by	D:(A;;0x1200a9;;;SY)
                   				ReadEA:	Granted by	D:(A;;0x1200a9;;;SY)
                   				ReadAttributes:	Granted by	D:(A;;0x1200a9;;;SY)
                   				
                   	Access Mask:		0x120089
                   	Privileges Used for Access Check:	-
                   	Restricted SID Count:	0

TimeCreated      : 2/24/2026 8:21:59 AM
Id               : 4658
LevelDisplayName : Information
ProviderName     : Microsoft-Windows-Security-Auditing
Message          : The handle to an object was closed.
                   
                   Subject :
                   	Security ID:		S-1-5-18
                   	Account Name:		cui-win-pilot-0$
                   	Account Domain:		WORKGROUP
                   	Logon ID:		0x3E7
                   
                   Object:
                   	Object Server:		Security
                   	Handle ID:		0x1c4c
                   
                   Process Information:
                   	Process ID:		0xef8
                   	Process Name:		C:\ProgramData\Microsoft\Windows Defender\Platform\4.18.26010.5-0\MsMpEng.exe

TimeCreated      : 2/24/2026 8:21:59 AM
Id               : 4690
LevelDisplayName : Information
ProviderName     : Microsoft-Windows-Security-Auditing
Message          : An attempt was made to duplicate a handle to an object.
                   
                   Subject:
                   	Security ID:		S-1-5-18
                   	Account Name:		cui-win-pilot-0$
                   	Account Domain:		WORKGROUP
                   	Logon ID:		0x3E7
                   
                   Source Handle Information:
                   	Source Handle ID:	0x1240
                   	Source Process ID:	0xef8
                   
                   New Handle Information:
                   	Target Handle ID:	0x1c4c
                   	Target Process ID:	0x4

TimeCreated      : 2/24/2026 8:21:59 AM
Id               : 4688
LevelDisplayName : Information
ProviderName     : Microsoft-Windows-Security-Auditing
Message          : A new process has been created.
                   
                   Creator Subject:
                   	Security ID:		S-1-5-21-2575695074-2613746757-3083589692-500
                   	Account Name:		admin_patrick
                   	Account Domain:		cui-win-pilot-0
                   	Logon ID:		0x1C99CF
                   
                   Target Subject:
                   	Security ID:		S-1-0-0
                   	Account Name:		-
                   	Account Domain:		-
                   	Logon ID:		0x0
                   
                   Process Information:
                   	New Process ID:		0xd64
                   	New Process Name:	C:\Windows\System32\auditpol.exe
                   	Token Elevation Type:	TokenElevationTypeDefault (1)
                   	Mandatory Label:		S-1-16-12288
                   	Creator Process ID:	0xadc
                   	Creator Process Name:	C:\Windows\System32\WindowsPowerShell\v1.0\powershell.exe
                   	Process Command Line:	
                   
                   Token Elevation Type indicates the type of token that was assigned to the new process in accordance 
                   with User Account Control policy.
                   
                   Type 1 is a full token with no privileges removed or groups disabled.  A full token is only used if 
                   User Account Control is disabled or if the user is the built-in Administrator account or a service 
                   account.
                   
                   Type 2 is an elevated token with no privileges removed or groups disabled.  An elevated token is 
                   used when User Account Control is enabled and the user chooses to start the program using Run as 
                   administrator.  An elevated token is also used when an application is configured to always require 
                   administrative privilege or to always require maximum privilege, and the user is a member of the 
                   Administrators group.
                   
                   Type 3 is a limited token with administrative privileges removed and administrative groups 
                   disabled.  The limited token is used when User Account Control is enabled, the application does not 
                   require administrative privilege, and the user does not choose to start the program using Run as 
                   administrator.

TimeCreated      : 2/24/2026 8:21:59 AM
Id               : 4658
LevelDisplayName : Information
ProviderName     : Microsoft-Windows-Security-Auditing
Message          : The handle to an object was closed.
                   
                   Subject :
                   	Security ID:		S-1-5-18
                   	Account Name:		cui-win-pilot-0$
                   	Account Domain:		WORKGROUP
                   	Logon ID:		0x3E7
                   
                   Object:
                   	Object Server:		Security
                   	Handle ID:		0x13a0
                   
                   Process Information:
                   	Process ID:		0xef8
                   	Process Name:		C:\ProgramData\Microsoft\Windows Defender\Platform\4.18.26010.5-0\MsMpEng.exe

TimeCreated      : 2/24/2026 8:21:59 AM
Id               : 4658
LevelDisplayName : Information
ProviderName     : Microsoft-Windows-Security-Auditing
Message          : The handle to an object was closed.
                   
                   Subject :
                   	Security ID:		S-1-5-18
                   	Account Name:		cui-win-pilot-0$
                   	Account Domain:		WORKGROUP
                   	Logon ID:		0x3E7
                   
                   Object:
                   	Object Server:		Security
                   	Handle ID:		0x12bc
                   
                   Process Information:
                   	Process ID:		0xef8
                   	Process Name:		C:\ProgramData\Microsoft\Windows Defender\Platform\4.18.26010.5-0\MsMpEng.exe

TimeCreated      : 2/24/2026 8:21:59 AM
Id               : 4656
LevelDisplayName : Information
ProviderName     : Microsoft-Windows-Security-Auditing
Message          : A handle to an object was requested.
                   
                   Subject:
                   	Security ID:		S-1-5-18
                   	Account Name:		cui-win-pilot-0$
                   	Account Domain:		WORKGROUP
                   	Logon ID:		0x3E7
                   
                   Object:
                   	Object Server:		Security
                   	Object Type:		File
                   	Object Name:		C:\Windows\servicing\Packages\Microsoft-Windows-TextPrediction-Package~31bf3856ad364e
                   35~amd64~~10.0.26100.1150.mum
                   	Handle ID:		0x12bc
                   	Resource Attributes:	-
                   
                   Process Information:
                   	Process ID:		0xef8
                   	Process Name:		C:\ProgramData\Microsoft\Windows Defender\Platform\4.18.26010.5-0\MsMpEng.exe
                   
                   Access Request Information:
                   	Transaction ID:		{00000000-0000-0000-0000-000000000000}
                   	Accesses:		READ_CONTROL
                   				SYNCHRONIZE
                   				ReadData (or ListDirectory)
                   				ReadEA
                   				ReadAttributes
                   				
                   	Access Reasons:		READ_CONTROL:	Granted by	D:(A;;0x1200a9;;;SY)
                   				SYNCHRONIZE:	Granted by	D:(A;;0x1200a9;;;SY)
                   				ReadData (or ListDirectory):	Granted by	D:(A;;0x1200a9;;;SY)
                   				ReadEA:	Granted by	D:(A;;0x1200a9;;;SY)
                   				ReadAttributes:	Granted by	D:(A;;0x1200a9;;;SY)
                   				
                   	Access Mask:		0x120089
                   	Privileges Used for Access Check:	-
                   	Restricted SID Count:	0

TimeCreated      : 2/24/2026 8:21:59 AM
Id               : 4658
LevelDisplayName : Information
ProviderName     : Microsoft-Windows-Security-Auditing
Message          : The handle to an object was closed.
                   
                   Subject :
                   	Security ID:		S-1-5-18
                   	Account Name:		cui-win-pilot-0$
                   	Account Domain:		WORKGROUP
                   	Logon ID:		0x3E7
                   
                   Object:
                   	Object Server:		Security
                   	Handle ID:		0x2024
                   
                   Process Information:
                   	Process ID:		0xef8
                   	Process Name:		C:\ProgramData\Microsoft\Windows Defender\Platform\4.18.26010.5-0\MsMpEng.exe

TimeCreated      : 2/24/2026 8:21:59 AM
Id               : 4690
LevelDisplayName : Information
ProviderName     : Microsoft-Windows-Security-Auditing
Message          : An attempt was made to duplicate a handle to an object.
                   
                   Subject:
                   	Security ID:		S-1-5-18
                   	Account Name:		cui-win-pilot-0$
                   	Account Domain:		WORKGROUP
                   	Logon ID:		0x3E7
                   
                   Source Handle Information:
                   	Source Handle ID:	0x12bc
                   	Source Process ID:	0xef8
                   
                   New Handle Information:
                   	Target Handle ID:	0x2024
                   	Target Process ID:	0x4

TimeCreated      : 2/24/2026 8:21:59 AM
Id               : 4656
LevelDisplayName : Information
ProviderName     : Microsoft-Windows-Security-Auditing
Message          : A handle to an object was requested.
                   
                   Subject:
                   	Security ID:		S-1-5-18
                   	Account Name:		cui-win-pilot-0$
                   	Account Domain:		WORKGROUP
                   	Logon ID:		0x3E7
                   
                   Object:
                   	Object Server:		Security
                   	Object Type:		File
                   	Object Name:		C:\Windows\servicing\Packages\Microsoft-Windows-TextPrediction-Package~31bf3856ad364e
                   35~amd64~~10.0.26100.1150.mum
                   	Handle ID:		0x13a0
                   	Resource Attributes:	-
                   
                   Process Information:
                   	Process ID:		0xef8
                   	Process Name:		C:\ProgramData\Microsoft\Windows Defender\Platform\4.18.26010.5-0\MsMpEng.exe
                   
                   Access Request Information:
                   	Transaction ID:		{00000000-0000-0000-0000-000000000000}
                   	Accesses:		READ_CONTROL
                   				SYNCHRONIZE
                   				ReadData (or ListDirectory)
                   				ReadAttributes
                   				
                   	Access Reasons:		-
                   	Access Mask:		0x120081
                   	Privileges Used for Access Check:	SeBackupPrivilege
                   	Restricted SID Count:	0

TimeCreated      : 2/24/2026 8:21:59 AM
Id               : 4658
LevelDisplayName : Information
ProviderName     : Microsoft-Windows-Security-Auditing
Message          : The handle to an object was closed.
                   
                   Subject :
                   	Security ID:		S-1-5-18
                   	Account Name:		cui-win-pilot-0$
                   	Account Domain:		WORKGROUP
                   	Logon ID:		0x3E7
                   
                   Object:
                   	Object Server:		Security
                   	Handle ID:		0x2024
                   
                   Process Information:
                   	Process ID:		0xef8
                   	Process Name:		C:\ProgramData\Microsoft\Windows Defender\Platform\4.18.26010.5-0\MsMpEng.exe

TimeCreated      : 2/24/2026 8:21:59 AM
Id               : 4690
LevelDisplayName : Information
ProviderName     : Microsoft-Windows-Security-Auditing
Message          : An attempt was made to duplicate a handle to an object.
                   
                   Subject:
                   	Security ID:		S-1-5-18
                   	Account Name:		cui-win-pilot-0$
                   	Account Domain:		WORKGROUP
                   	Logon ID:		0x3E7
                   
                   Source Handle Information:
                   	Source Handle ID:	0x13a0
                   	Source Process ID:	0xef8
                   
                   New Handle Information:
                   	Target Handle ID:	0x2024
                   	Target Process ID:	0x4

TimeCreated      : 2/24/2026 8:21:59 AM
Id               : 4658
LevelDisplayName : Information
ProviderName     : Microsoft-Windows-Security-Auditing
Message          : The handle to an object was closed.
                   
                   Subject :
                   	Security ID:		S-1-5-18
                   	Account Name:		cui-win-pilot-0$
                   	Account Domain:		WORKGROUP
                   	Logon ID:		0x3E7
                   
                   Object:
                   	Object Server:		Security
                   	Handle ID:		0x13d0
                   
                   Process Information:
                   	Process ID:		0xef8
                   	Process Name:		C:\ProgramData\Microsoft\Windows Defender\Platform\4.18.26010.5-0\MsMpEng.exe

TimeCreated      : 2/24/2026 8:21:59 AM
Id               : 4656
LevelDisplayName : Information
ProviderName     : Microsoft-Windows-Security-Auditing
Message          : A handle to an object was requested.
                   
                   Subject:
                   	Security ID:		S-1-5-18
                   	Account Name:		cui-win-pilot-0$
                   	Account Domain:		WORKGROUP
                   	Logon ID:		0x3E7
                   
                   Object:
                   	Object Server:		Security
                   	Object Type:		File
                   	Object Name:		C:\Windows\servicing\Packages\Microsoft-Windows-TextPrediction-Package~31bf3856ad364e
                   35~amd64~~10.0.26100.1150.mum
                   	Handle ID:		0x13d0
                   	Resource Attributes:	-
                   
                   Process Information:
                   	Process ID:		0xef8
                   	Process Name:		C:\ProgramData\Microsoft\Windows Defender\Platform\4.18.26010.5-0\MsMpEng.exe
                   
                   Access Request Information:
                   	Transaction ID:		{00000000-0000-0000-0000-000000000000}
                   	Accesses:		SYNCHRONIZE
                   				ReadAttributes
                   				
                   	Access Reasons:		-
                   	Access Mask:		0x100080
                   	Privileges Used for Access Check:	SeBackupPrivilege
                   	Restricted SID Count:	0

TimeCreated      : 2/24/2026 8:21:59 AM
Id               : 4658
LevelDisplayName : Information
ProviderName     : Microsoft-Windows-Security-Auditing
Message          : The handle to an object was closed.
                   
                   Subject :
                   	Security ID:		S-1-5-18
                   	Account Name:		cui-win-pilot-0$
                   	Account Domain:		WORKGROUP
                   	Logon ID:		0x3E7
                   
                   Object:
                   	Object Server:		Security
                   	Handle ID:		0x2024
                   
                   Process Information:
                   	Process ID:		0xef8
                   	Process Name:		C:\ProgramData\Microsoft\Windows Defender\Platform\4.18.26010.5-0\MsMpEng.exe

TimeCreated      : 2/24/2026 8:21:59 AM
Id               : 4690
LevelDisplayName : Information
ProviderName     : Microsoft-Windows-Security-Auditing
Message          : An attempt was made to duplicate a handle to an object.
                   
                   Subject:
                   	Security ID:		S-1-5-18
                   	Account Name:		cui-win-pilot-0$
                   	Account Domain:		WORKGROUP
                   	Logon ID:		0x3E7
                   
                   Source Handle Information:
                   	Source Handle ID:	0x13d0
                   	Source Process ID:	0xef8
                   
                   New Handle Information:
                   	Target Handle ID:	0x2024
                   	Target Process ID:	0x4

TimeCreated      : 2/24/2026 8:21:59 AM
Id               : 4658
LevelDisplayName : Information
ProviderName     : Microsoft-Windows-Security-Auditing
Message          : The handle to an object was closed.
                   
                   Subject :
                   	Security ID:		S-1-5-18
                   	Account Name:		cui-win-pilot-0$
                   	Account Domain:		WORKGROUP
                   	Logon ID:		0x3E7
                   
                   Object:
                   	Object Server:		Security
                   	Handle ID:		0x13a0
                   
                   Process Information:
                   	Process ID:		0xef8
                   	Process Name:		C:\ProgramData\Microsoft\Windows Defender\Platform\4.18.26010.5-0\MsMpEng.exe

TimeCreated      : 2/24/2026 8:21:59 AM
Id               : 4658
LevelDisplayName : Information
ProviderName     : Microsoft-Windows-Security-Auditing
Message          : The handle to an object was closed.
                   
                   Subject :
                   	Security ID:		S-1-5-18
                   	Account Name:		cui-win-pilot-0$
                   	Account Domain:		WORKGROUP
                   	Logon ID:		0x3E7
                   
                   Object:
                   	Object Server:		Security
                   	Handle ID:		0x13d0
                   
                   Process Information:
                   	Process ID:		0xef8
                   	Process Name:		C:\ProgramData\Microsoft\Windows Defender\Platform\4.18.26010.5-0\MsMpEng.exe

