TimeCreated      : 2/24/2026 8:21:59 AM
Id               : 4656
LevelDisplayName : Information
ProviderName     : Microsoft-Windows-Security-Auditing
Message          : A handle to an object was requested.
                   
                   Subject:
                   	Security ID:		S-1-5-18
                   	Account Name:		cui-win-pilot-0$
                   	Account Domain:		WORKGROUP
                   	Logon ID:		0x3E7
                   
                   Object:
                   	Object Server:		Security
                   	Object Type:		File
                   	Object Name:		C:\Windows\servicing\Packages\Microsoft-Windows-TerminalServices-Gateway-UI-Package~3
                   1bf3856ad364e35~amd64~~10.0.26100.32230.mum
                   	Handle ID:		0x13d0
                   	Resource Attributes:	-
                   
                   Process Information:
                   	Process ID:		0xef8
                   	Process Name:		C:\ProgramData\Microsoft\Windows Defender\Platform\4.18.26010.5-0\MsMpEng.exe
                   
                   Access Request Information:
                   	Transaction ID:		{00000000-0000-0000-0000-000000000000}
                   	Accesses:		READ_CONTROL
                   				SYNCHRONIZE
                   				ReadData (or ListDirectory)
                   				ReadEA
                   				ReadAttributes
                   				
                   	Access Reasons:		READ_CONTROL:	Granted by	D:(A;;0x1200a9;;;SY)
                   				SYNCHRONIZE:	Granted by	D:(A;;0x1200a9;;;SY)
                   				ReadData (or ListDirectory):	Granted by	D:(A;;0x1200a9;;;SY)
                   				ReadEA:	Granted by	D:(A;;0x1200a9;;;SY)
                   				ReadAttributes:	Granted by	D:(A;;0x1200a9;;;SY)
                   				
                   	Access Mask:		0x120089
                   	Privileges Used for Access Check:	-
                   	Restricted SID Count:	0

TimeCreated      : 2/24/2026 8:21:59 AM
Id               : 4658
LevelDisplayName : Information
ProviderName     : Microsoft-Windows-Security-Auditing
Message          : The handle to an object was closed.
                   
                   Subject :
                   	Security ID:		S-1-5-18
                   	Account Name:		cui-win-pilot-0$
                   	Account Domain:		WORKGROUP
                   	Logon ID:		0x3E7
                   
                   Object:
                   	Object Server:		Security
                   	Handle ID:		0x204c
                   
                   Process Information:
                   	Process ID:		0xef8
                   	Process Name:		C:\ProgramData\Microsoft\Windows Defender\Platform\4.18.26010.5-0\MsMpEng.exe

TimeCreated      : 2/24/2026 8:21:59 AM
Id               : 4690
LevelDisplayName : Information
ProviderName     : Microsoft-Windows-Security-Auditing
Message          : An attempt was made to duplicate a handle to an object.
                   
                   Subject:
                   	Security ID:		S-1-5-18
                   	Account Name:		cui-win-pilot-0$
                   	Account Domain:		WORKGROUP
                   	Logon ID:		0x3E7
                   
                   Source Handle Information:
                   	Source Handle ID:	0x13d0
                   	Source Process ID:	0xef8
                   
                   New Handle Information:
                   	Target Handle ID:	0x204c
                   	Target Process ID:	0x4

TimeCreated      : 2/24/2026 8:21:59 AM
Id               : 4656
LevelDisplayName : Information
ProviderName     : Microsoft-Windows-Security-Auditing
Message          : A handle to an object was requested.
                   
                   Subject:
                   	Security ID:		S-1-5-18
                   	Account Name:		cui-win-pilot-0$
                   	Account Domain:		WORKGROUP
                   	Logon ID:		0x3E7
                   
                   Object:
                   	Object Server:		Security
                   	Object Type:		File
                   	Object Name:		C:\Windows\servicing\Packages\Microsoft-Windows-TerminalServices-Gateway-UI-Package~3
                   1bf3856ad364e35~amd64~~10.0.26100.32230.mum
                   	Handle ID:		0x13a0
                   	Resource Attributes:	-
                   
                   Process Information:
                   	Process ID:		0xef8
                   	Process Name:		C:\ProgramData\Microsoft\Windows Defender\Platform\4.18.26010.5-0\MsMpEng.exe
                   
                   Access Request Information:
                   	Transaction ID:		{00000000-0000-0000-0000-000000000000}
                   	Accesses:		READ_CONTROL
                   				SYNCHRONIZE
                   				ReadData (or ListDirectory)
                   				ReadAttributes
                   				
                   	Access Reasons:		-
                   	Access Mask:		0x120081
                   	Privileges Used for Access Check:	SeBackupPrivilege
                   	Restricted SID Count:	0

TimeCreated      : 2/24/2026 8:21:59 AM
Id               : 4658
LevelDisplayName : Information
ProviderName     : Microsoft-Windows-Security-Auditing
Message          : The handle to an object was closed.
                   
                   Subject :
                   	Security ID:		S-1-5-18
                   	Account Name:		cui-win-pilot-0$
                   	Account Domain:		WORKGROUP
                   	Logon ID:		0x3E7
                   
                   Object:
                   	Object Server:		Security
                   	Handle ID:		0x204c
                   
                   Process Information:
                   	Process ID:		0xef8
                   	Process Name:		C:\ProgramData\Microsoft\Windows Defender\Platform\4.18.26010.5-0\MsMpEng.exe

TimeCreated      : 2/24/2026 8:21:59 AM
Id               : 4690
LevelDisplayName : Information
ProviderName     : Microsoft-Windows-Security-Auditing
Message          : An attempt was made to duplicate a handle to an object.
                   
                   Subject:
                   	Security ID:		S-1-5-18
                   	Account Name:		cui-win-pilot-0$
                   	Account Domain:		WORKGROUP
                   	Logon ID:		0x3E7
                   
                   Source Handle Information:
                   	Source Handle ID:	0x13a0
                   	Source Process ID:	0xef8
                   
                   New Handle Information:
                   	Target Handle ID:	0x204c
                   	Target Process ID:	0x4

TimeCreated      : 2/24/2026 8:21:59 AM
Id               : 4658
LevelDisplayName : Information
ProviderName     : Microsoft-Windows-Security-Auditing
Message          : The handle to an object was closed.
                   
                   Subject :
                   	Security ID:		S-1-5-18
                   	Account Name:		cui-win-pilot-0$
                   	Account Domain:		WORKGROUP
                   	Logon ID:		0x3E7
                   
                   Object:
                   	Object Server:		Security
                   	Handle ID:		0x13e0
                   
                   Process Information:
                   	Process ID:		0xef8
                   	Process Name:		C:\ProgramData\Microsoft\Windows Defender\Platform\4.18.26010.5-0\MsMpEng.exe





